[0m[[0m[0minfo[0m] [0m[0mcompiling 54 Scala sources to /home/pigfly/ysyx-workbench/npc/out/playground/compile.dest/classes ...[0m
[0m[[0m[33mwarn[0m] [0m[0m/home/pigfly/ysyx-workbench/npc/playground/src/main/scala/BUS/AXI4.scala:128:18: method execute in object Driver is deprecated (since 3.2.2): Use chisel3.stage.ChiselStage.execute. This will be removed in 3.4.[0m
[0m[[0m[33mwarn[0m] [0m[0m  chisel3.Driver.execute(args,() => new AXI4 )[0m
[0m[[0m[33mwarn[0m] [0m[0m                 ^[0m
[0m[[0m[33mwarn[0m] [0m[0m/home/pigfly/ysyx-workbench/npc/playground/src/main/scala/BUS/AXI4.scala:128:11: object Driver in package chisel3 is deprecated (since 3.2.4): Please switch to chisel3.stage.ChiselStage[0m
[0m[[0m[33mwarn[0m] [0m[0m  chisel3.Driver.execute(args,() => new AXI4 )[0m
[0m[[0m[33mwarn[0m] [0m[0m          ^[0m
[0m[[0m[33mwarn[0m] [0m[0m/home/pigfly/ysyx-workbench/npc/playground/src/main/scala/BUS/mem/Cache.scala:364:18: method execute in object Driver is deprecated (since 3.2.2): Use chisel3.stage.ChiselStage.execute. This will be removed in 3.4.[0m
[0m[[0m[33mwarn[0m] [0m[0m  chisel3.Driver.execute(args,() => new Dcache )[0m
[0m[[0m[33mwarn[0m] [0m[0m                 ^[0m
[0m[[0m[33mwarn[0m] [0m[0m/home/pigfly/ysyx-workbench/npc/playground/src/main/scala/BUS/mem/Cache.scala:364:11: object Driver in package chisel3 is deprecated (since 3.2.4): Please switch to chisel3.stage.ChiselStage[0m
[0m[[0m[33mwarn[0m] [0m[0m  chisel3.Driver.execute(args,() => new Dcache )[0m
[0m[[0m[33mwarn[0m] [0m[0m          ^[0m
[0m[[0m[33mwarn[0m] [0m[0m/home/pigfly/ysyx-workbench/npc/playground/src/main/scala/EXU/ALUOp/add.scala:75:18: method execute in object Driver is deprecated (since 3.2.2): Use chisel3.stage.ChiselStage.execute. This will be removed in 3.4.[0m
[0m[[0m[33mwarn[0m] [0m[0m  chisel3.Driver.execute(args,() => new add(132) )[0m
[0m[[0m[33mwarn[0m] [0m[0m                 ^[0m
[0m[[0m[33mwarn[0m] [0m[0m/home/pigfly/ysyx-workbench/npc/playground/src/main/scala/EXU/ALUOp/add.scala:75:11: object Driver in package chisel3 is deprecated (since 3.2.4): Please switch to chisel3.stage.ChiselStage[0m
[0m[[0m[33mwarn[0m] [0m[0m  chisel3.Driver.execute(args,() => new add(132) )[0m
[0m[[0m[33mwarn[0m] [0m[0m          ^[0m
[0m[[0m[33mwarn[0m] [0m[0m/home/pigfly/ysyx-workbench/npc/playground/src/main/scala/EXU/ALUOp/divR2.scala:132:18: method execute in object Driver is deprecated (since 3.2.2): Use chisel3.stage.ChiselStage.execute. This will be removed in 3.4.[0m
[0m[[0m[33mwarn[0m] [0m[0m  chisel3.Driver.execute(args,() => new divR2 )[0m
[0m[[0m[33mwarn[0m] [0m[0m                 ^[0m
[0m[[0m[33mwarn[0m] [0m[0m/home/pigfly/ysyx-workbench/npc/playground/src/main/scala/EXU/ALUOp/divR2.scala:132:11: object Driver in package chisel3 is deprecated (since 3.2.4): Please switch to chisel3.stage.ChiselStage[0m
[0m[[0m[33mwarn[0m] [0m[0m  chisel3.Driver.execute(args,() => new divR2 )[0m
[0m[[0m[33mwarn[0m] [0m[0m          ^[0m
[0m[[0m[33mwarn[0m] [0m[0m/home/pigfly/ysyx-workbench/npc/playground/src/main/scala/EXU/ALUOp/mul.scala:148:18: method execute in object Driver is deprecated (since 3.2.2): Use chisel3.stage.ChiselStage.execute. This will be removed in 3.4.[0m
[0m[[0m[33mwarn[0m] [0m[0m  chisel3.Driver.execute(args,() => new mul(3) )[0m
[0m[[0m[33mwarn[0m] [0m[0m                 ^[0m
[0m[[0m[33mwarn[0m] [0m[0m/home/pigfly/ysyx-workbench/npc/playground/src/main/scala/EXU/ALUOp/mul.scala:148:11: object Driver in package chisel3 is deprecated (since 3.2.4): Please switch to chisel3.stage.ChiselStage[0m
[0m[[0m[33mwarn[0m] [0m[0m  chisel3.Driver.execute(args,() => new mul(3) )[0m
[0m[[0m[33mwarn[0m] [0m[0m          ^[0m
[0m[[0m[33mwarn[0m] [0m[0m/home/pigfly/ysyx-workbench/npc/playground/src/main/scala/EXU/execute.scala:189:18: method execute in object Driver is deprecated (since 3.2.2): Use chisel3.stage.ChiselStage.execute. This will be removed in 3.4.[0m
[0m[[0m[33mwarn[0m] [0m[0m  chisel3.Driver.execute(args,() => new execute )[0m
[0m[[0m[33mwarn[0m] [0m[0m                 ^[0m
[0m[[0m[33mwarn[0m] [0m[0m/home/pigfly/ysyx-workbench/npc/playground/src/main/scala/EXU/execute.scala:189:11: object Driver in package chisel3 is deprecated (since 3.2.4): Please switch to chisel3.stage.ChiselStage[0m
[0m[[0m[33mwarn[0m] [0m[0m  chisel3.Driver.execute(args,() => new execute )[0m
[0m[[0m[33mwarn[0m] [0m[0m          ^[0m
[0m[[0m[33mwarn[0m] [0m[0m/home/pigfly/ysyx-workbench/npc/playground/src/main/scala/IDU/immeGen.scala:73:10: method emitVerilog in object Driver is deprecated (since 3.2.2): Use (new chisel3.stage.ChiselStage).emitVerilog. This will be removed in 3.4.[0m
[0m[[0m[33mwarn[0m] [0m[0m  Driver.emitVerilog(new immeGen)[0m
[0m[[0m[33mwarn[0m] [0m[0m         ^[0m
[0m[[0m[33mwarn[0m] [0m[0m/home/pigfly/ysyx-workbench/npc/playground/src/main/scala/IDU/immeGen.scala:73:3: object Driver in package chisel3 is deprecated (since 3.2.4): Please switch to chisel3.stage.ChiselStage[0m
[0m[[0m[33mwarn[0m] [0m[0m  Driver.emitVerilog(new immeGen)[0m
[0m[[0m[33mwarn[0m] [0m[0m  ^[0m
[0m[[0m[33mwarn[0m] [0m[0m/home/pigfly/ysyx-workbench/npc/playground/src/main/scala/IDU/regFile.scala:82:18: method execute in object Driver is deprecated (since 3.2.2): Use chisel3.stage.ChiselStage.execute. This will be removed in 3.4.[0m
[0m[[0m[33mwarn[0m] [0m[0m  chisel3.Driver.execute(args,() => new RF )[0m
[0m[[0m[33mwarn[0m] [0m[0m                 ^[0m
[0m[[0m[33mwarn[0m] [0m[0m/home/pigfly/ysyx-workbench/npc/playground/src/main/scala/IDU/regFile.scala:82:11: object Driver in package chisel3 is deprecated (since 3.2.4): Please switch to chisel3.stage.ChiselStage[0m
[0m[[0m[33mwarn[0m] [0m[0m  chisel3.Driver.execute(args,() => new RF )[0m
[0m[[0m[33mwarn[0m] [0m[0m          ^[0m
[0m[[0m[33mwarn[0m] [0m[0m/home/pigfly/ysyx-workbench/npc/playground/src/main/scala/prebranch/preBranch.scala:89:18: method execute in object Driver is deprecated (since 3.2.2): Use chisel3.stage.ChiselStage.execute. This will be removed in 3.4.[0m
[0m[[0m[33mwarn[0m] [0m[0m  chisel3.Driver.execute(args,() => new preBranch )[0m
[0m[[0m[33mwarn[0m] [0m[0m                 ^[0m
[0m[[0m[33mwarn[0m] [0m[0m/home/pigfly/ysyx-workbench/npc/playground/src/main/scala/prebranch/preBranch.scala:89:11: object Driver in package chisel3 is deprecated (since 3.2.4): Please switch to chisel3.stage.ChiselStage[0m
[0m[[0m[33mwarn[0m] [0m[0m  chisel3.Driver.execute(args,() => new preBranch )[0m
[0m[[0m[33mwarn[0m] [0m[0m          ^[0m
[0m[[0m[33mwarn[0m] [0m[0m/home/pigfly/ysyx-workbench/npc/playground/src/main/scala/riscv.scala:564:18: method execute in object Driver is deprecated (since 3.2.2): Use chisel3.stage.ChiselStage.execute. This will be removed in 3.4.[0m
[0m[[0m[33mwarn[0m] [0m[0m  chisel3.Driver.execute(args,() => new riscv )[0m
[0m[[0m[33mwarn[0m] [0m[0m                 ^[0m
[0m[[0m[33mwarn[0m] [0m[0m/home/pigfly/ysyx-workbench/npc/playground/src/main/scala/riscv.scala:564:11: object Driver in package chisel3 is deprecated (since 3.2.4): Please switch to chisel3.stage.ChiselStage[0m
[0m[[0m[33mwarn[0m] [0m[0m  chisel3.Driver.execute(args,() => new riscv )[0m
[0m[[0m[33mwarn[0m] [0m[0m          ^[0m
[0m[[0m[33mwarn[0m] [0m[0m/home/pigfly/ysyx-workbench/npc/playground/src/main/scala/ysyx_22041728.scala:349:18: method execute in object Driver is deprecated (since 3.2.2): Use chisel3.stage.ChiselStage.execute. This will be removed in 3.4.[0m
[0m[[0m[33mwarn[0m] [0m[0m  chisel3.Driver.execute(args,() => new ysyx_041728 )[0m
[0m[[0m[33mwarn[0m] [0m[0m                 ^[0m
[0m[[0m[33mwarn[0m] [0m[0m/home/pigfly/ysyx-workbench/npc/playground/src/main/scala/ysyx_22041728.scala:349:11: object Driver in package chisel3 is deprecated (since 3.2.4): Please switch to chisel3.stage.ChiselStage[0m
[0m[[0m[33mwarn[0m] [0m[0m  chisel3.Driver.execute(args,() => new ysyx_041728 )[0m
[0m[[0m[33mwarn[0m] [0m[0m          ^[0m
[0m[[0m[33mwarn[0m] [0m[0m22 warnings found[0m
[0m[[0m[0minfo[0m] [0m[0mdone compiling[0m
